  hooks.cpp
e:\desktop\projects\enhanced-plugin-template-susanoojumpfix\api plugin\hooks.h(11): error C7525: Для встроенных переменных требуется по меньшей мере уровень "/std:c++17"
e:\desktop\projects\enhanced-plugin-template-susanoojumpfix\api plugin\main.h(11): error C7525: Для встроенных переменных требуется по меньшей мере уровень "/std:c++17"
e:\desktop\projects\enhanced-plugin-template-susanoojumpfix\api plugin\player.h(6): error C7525: Для встроенных переменных требуется по меньшей мере уровень "/std:c++17"
e:\desktop\projects\enhanced-plugin-template-susanoojumpfix\api plugin\player.h(9): error C7525: Для встроенных переменных требуется по меньшей мере уровень "/std:c++17"
e:\desktop\projects\enhanced-plugin-template-susanoojumpfix\api plugin\player.h(10): error C7525: Для встроенных переменных требуется по меньшей мере уровень "/std:c++17"
  Main.cpp
e:\desktop\projects\enhanced-plugin-template-susanoojumpfix\api plugin\main.h(11): error C7525: Для встроенных переменных требуется по меньшей мере уровень "/std:c++17"
e:\desktop\projects\enhanced-plugin-template-susanoojumpfix\api plugin\player.h(6): error C7525: Для встроенных переменных требуется по меньшей мере уровень "/std:c++17"
e:\desktop\projects\enhanced-plugin-template-susanoojumpfix\api plugin\player.h(9): error C7525: Для встроенных переменных требуется по меньшей мере уровень "/std:c++17"
e:\desktop\projects\enhanced-plugin-template-susanoojumpfix\api plugin\player.h(10): error C7525: Для встроенных переменных требуется по меньшей мере уровень "/std:c++17"
e:\desktop\projects\enhanced-plugin-template-susanoojumpfix\api plugin\hooks.h(11): error C7525: Для встроенных переменных требуется по меньшей мере уровень "/std:c++17"
e:\desktop\projects\enhanced-plugin-template-susanoojumpfix\api plugin\mem.hpp(11): error C2429: для функция языка "nested-namespace-definition" нужен флаг компилятора "/std:c++17"
e:\desktop\projects\enhanced-plugin-template-susanoojumpfix\api plugin\main.cpp(116): warning C4267: инициализация: преобразование из "size_t" в "int"; возможна потеря данных
  PatternScan.cpp
e:\desktop\projects\enhanced-plugin-template-susanoojumpfix\api plugin\main.h(11): error C7525: Для встроенных переменных требуется по меньшей мере уровень "/std:c++17"
e:\desktop\projects\enhanced-plugin-template-susanoojumpfix\api plugin\patternscan.cpp(22): warning C4267: инициализация: преобразование из "size_t" в "int"; возможна потеря данных
  player.cpp
e:\desktop\projects\enhanced-plugin-template-susanoojumpfix\api plugin\player.h(6): error C7525: Для встроенных переменных требуется по меньшей мере уровень "/std:c++17"
e:\desktop\projects\enhanced-plugin-template-susanoojumpfix\api plugin\player.h(9): error C7525: Для встроенных переменных требуется по меньшей мере уровень "/std:c++17"
e:\desktop\projects\enhanced-plugin-template-susanoojumpfix\api plugin\player.h(10): error C7525: Для встроенных переменных требуется по меньшей мере уровень "/std:c++17"
  Создание кода...
